<?xml version="1.0" encoding="UTF-8"?>
<!-- Generated by org.testng.reporters.JUnitReportReporter -->
<testsuite hostname="kairosHW0443" failures="0" tests="1" name="runner.Test_Run" time="30.968" errors="0" timestamp="2023-05-19T14:59:41 IST" skipped="0">
  <testcase classname="runner.Test_Run" name="runScenario" time="30.968"/>
  <system-out/>
</testsuite> <!-- runner.Test_Run -->
